<?xml version="1.0" encoding="UTF-8"?>
<testsuite name="prueba" tests="1" skipped="0" failures="0" errors="0" timestamp="2021-10-25T04:35:40" hostname="LAPTOP-GFIQ5T60" time="42.709">
  <properties/>
  <testcase name="New User" classname="prueba" time="42.709"/>
  <system-out><![CDATA[]]></system-out>
  <system-err><![CDATA[[Test worker] WARN net.thucydides.core.steps.BaseStepListener - stepStarted: net.thucydides.core.steps.ExecutedStepDescription@67ce1c9b
[Test worker] WARN net.thucydides.core.steps.BaseStepListener - stepStarted: net.thucydides.core.steps.ExecutedStepDescription@7bb9d3fa
[Test worker] WARN net.thucydides.core.steps.BaseStepListener - stepStarted: net.thucydides.core.steps.ExecutedStepDescription@f26fd3d
oct. 24, 2021 11:35:41 P. M. org.openqa.selenium.remote.DesiredCapabilities chrome
INFORMACIÓN: Using `new ChromeOptions()` is preferred to `DesiredCapabilities.chrome()`
[Test worker] INFO net.serenitybdd.core.webdriver.driverproviders.ProvideNewDriver - Instantiating driver
[Test worker] INFO net.serenitybdd.core.webdriver.driverproviders.ProvideNewDriver - Driver capabilities: Capabilities {acceptInsecureCerts: false, browserName: chrome, chrome.switches: --start-maximized, goog:chromeOptions: {args: [--start-maximized], extensions: []}, loggingPrefs: org.openqa.selenium.logging..., platform: ANY, version: }
Starting ChromeDriver 95.0.4638.17 (a9d0719444d4b035e284ed1fce73bf6ccd789df2-refs/branch-heads/4638@{#178}) on port 5178
Only local connections are allowed.
Please see https://chromedriver.chromium.org/security-considerations for suggestions on keeping ChromeDriver safe.
ChromeDriver was started successfully.
oct. 24, 2021 11:35:43 P. M. org.openqa.selenium.remote.ProtocolHandshake createSession
INFORMACIÓN: Detected dialect: W3C
[Test worker] WARN net.thucydides.core.steps.BaseStepListener - stepFinished: current outcome:New User:Given than Diego wants create a new profile [Diego open up [Diego opens the Retotecnico page]]
[Test worker] WARN net.thucydides.core.steps.BaseStepListener - stepStarted: net.thucydides.core.steps.ExecutedStepDescription@3d17ef75
[Test worker] WARN net.thucydides.core.steps.BaseStepListener - stepFinished: current outcome:New User:Given than Diego wants create a new profile [Diego open up [Diego opens the Retotecnico page, Diego clicks on Botton that show us the form to Join]]
[Test worker] WARN net.thucydides.core.steps.BaseStepListener - stepFinished: current outcome:New User:Given than Diego wants create a new profile [Diego open up [Diego opens the Retotecnico page, Diego clicks on Botton that show us the form to Join]]
[Test worker] WARN net.thucydides.core.steps.BaseStepListener - stepFinished: current outcome:New User:Given than Diego wants create a new profile [Diego open up [Diego opens the Retotecnico page, Diego clicks on Botton that show us the form to Join]]
[Test worker] WARN net.thucydides.core.steps.BaseStepListener - stepStarted: net.thucydides.core.steps.ExecutedStepDescription@307e7bc7
[Test worker] WARN net.thucydides.core.steps.BaseStepListener - stepStarted: net.thucydides.core.steps.ExecutedStepDescription@3bc5c8a1
[Test worker] WARN net.thucydides.core.steps.BaseStepListener - stepStarted: net.thucydides.core.steps.ExecutedStepDescription@41dc8045
[Test worker] WARN net.thucydides.core.steps.BaseStepListener - stepFinished: current outcome:New User:Given than Diego wants create a new profile [Diego open up [Diego opens the Retotecnico page, Diego clicks on Botton that show us the form to Join]], When he complete all the forms present in the profile
| strFirstName | strLastName | strEmail | strMonth | strLenguage | strCity | strCountry | strPassword | strComputerOS | strComputerVersion | strComputerLenguage | strBrandMobil | strModelMobil | strMobilOS | intDay | intYear | intZipCode |
| DIEGO | VASALCE | qwer0988@gmail.com | May | Spanish | Ibague | Colombia | Qwerty0987%& | Windows | 10 | Spanish | Huawei | P30 Lite | Android 10 | 01 | 2000 | 730001 | [Diego tell about yourself [Diego enters 'DIEGO' into where do we write the name]]
[Test worker] WARN net.thucydides.core.steps.BaseStepListener - stepStarted: net.thucydides.core.steps.ExecutedStepDescription@590a4265
[Test worker] WARN net.thucydides.core.steps.BaseStepListener - stepFinished: current outcome:New User:Given than Diego wants create a new profile [Diego open up [Diego opens the Retotecnico page, Diego clicks on Botton that show us the form to Join]], When he complete all the forms present in the profile
| strFirstName | strLastName | strEmail | strMonth | strLenguage | strCity | strCountry | strPassword | strComputerOS | strComputerVersion | strComputerLenguage | strBrandMobil | strModelMobil | strMobilOS | intDay | intYear | intZipCode |
| DIEGO | VASALCE | qwer0988@gmail.com | May | Spanish | Ibague | Colombia | Qwerty0987%& | Windows | 10 | Spanish | Huawei | P30 Lite | Android 10 | 01 | 2000 | 730001 | [Diego tell about yourself [Diego enters 'DIEGO' into where do we write the name, Diego enters 'VASALCE' into where do we write the lastname]]
[Test worker] WARN net.thucydides.core.steps.BaseStepListener - stepStarted: net.thucydides.core.steps.ExecutedStepDescription@3bb1f4d5
[Test worker] WARN net.thucydides.core.steps.BaseStepListener - stepFinished: current outcome:New User:Given than Diego wants create a new profile [Diego open up [Diego opens the Retotecnico page, Diego clicks on Botton that show us the form to Join]], When he complete all the forms present in the profile
| strFirstName | strLastName | strEmail | strMonth | strLenguage | strCity | strCountry | strPassword | strComputerOS | strComputerVersion | strComputerLenguage | strBrandMobil | strModelMobil | strMobilOS | intDay | intYear | intZipCode |
| DIEGO | VASALCE | qwer0988@gmail.com | May | Spanish | Ibague | Colombia | Qwerty0987%& | Windows | 10 | Spanish | Huawei | P30 Lite | Android 10 | 01 | 2000 | 730001 | [Diego tell about yourself [Diego enters 'DIEGO' into where do we write the name, Diego enters 'VASALCE' into where do we write the lastname, Diego enters 'qwer0988@gmail.com' into where do we write the email]]
[Test worker] WARN net.thucydides.core.steps.BaseStepListener - stepStarted: net.thucydides.core.steps.ExecutedStepDescription@9a8b064
[Test worker] WARN net.thucydides.core.steps.BaseStepListener - stepFinished: current outcome:New User:Given than Diego wants create a new profile [Diego open up [Diego opens the Retotecnico page, Diego clicks on Botton that show us the form to Join]], When he complete all the forms present in the profile
| strFirstName | strLastName | strEmail | strMonth | strLenguage | strCity | strCountry | strPassword | strComputerOS | strComputerVersion | strComputerLenguage | strBrandMobil | strModelMobil | strMobilOS | intDay | intYear | intZipCode |
| DIEGO | VASALCE | qwer0988@gmail.com | May | Spanish | Ibague | Colombia | Qwerty0987%& | Windows | 10 | Spanish | Huawei | P30 Lite | Android 10 | 01 | 2000 | 730001 | [Diego tell about yourself [Diego enters 'DIEGO' into where do we write the name, Diego enters 'VASALCE' into where do we write the lastname, Diego enters 'qwer0988@gmail.com' into where do we write the email, Diego select May on where do we choose the month of birth]]
[Test worker] WARN net.thucydides.core.steps.BaseStepListener - stepStarted: net.thucydides.core.steps.ExecutedStepDescription@1350b300
[Test worker] WARN net.thucydides.core.steps.BaseStepListener - stepFinished: current outcome:New User:Given than Diego wants create a new profile [Diego open up [Diego opens the Retotecnico page, Diego clicks on Botton that show us the form to Join]], When he complete all the forms present in the profile
| strFirstName | strLastName | strEmail | strMonth | strLenguage | strCity | strCountry | strPassword | strComputerOS | strComputerVersion | strComputerLenguage | strBrandMobil | strModelMobil | strMobilOS | intDay | intYear | intZipCode |
| DIEGO | VASALCE | qwer0988@gmail.com | May | Spanish | Ibague | Colombia | Qwerty0987%& | Windows | 10 | Spanish | Huawei | P30 Lite | Android 10 | 01 | 2000 | 730001 | [Diego tell about yourself [Diego enters 'DIEGO' into where do we write the name, Diego enters 'VASALCE' into where do we write the lastname, Diego enters 'qwer0988@gmail.com' into where do we write the email, Diego select May on where do we choose the month of birth, Diego select 1 on where do we choose the day of birth]]
[Test worker] WARN net.thucydides.core.steps.BaseStepListener - stepStarted: net.thucydides.core.steps.ExecutedStepDescription@6a4f978c
[Test worker] WARN net.thucydides.core.steps.BaseStepListener - stepFinished: current outcome:New User:Given than Diego wants create a new profile [Diego open up [Diego opens the Retotecnico page, Diego clicks on Botton that show us the form to Join]], When he complete all the forms present in the profile
| strFirstName | strLastName | strEmail | strMonth | strLenguage | strCity | strCountry | strPassword | strComputerOS | strComputerVersion | strComputerLenguage | strBrandMobil | strModelMobil | strMobilOS | intDay | intYear | intZipCode |
| DIEGO | VASALCE | qwer0988@gmail.com | May | Spanish | Ibague | Colombia | Qwerty0987%& | Windows | 10 | Spanish | Huawei | P30 Lite | Android 10 | 01 | 2000 | 730001 | [Diego tell about yourself [Diego enters 'DIEGO' into where do we write the name, Diego enters 'VASALCE' into where do we write the lastname, Diego enters 'qwer0988@gmail.com' into where do we write the email, Diego select May on where do we choose the month of birth, Diego select 1 on where do we choose the day of birth, Diego select 2000 on where do we choose the year of birth]]
[Test worker] WARN net.thucydides.core.steps.BaseStepListener - stepStarted: net.thucydides.core.steps.ExecutedStepDescription@1e34902f
[Test worker] WARN net.thucydides.core.steps.BaseStepListener - stepFinished: current outcome:New User:Given than Diego wants create a new profile [Diego open up [Diego opens the Retotecnico page, Diego clicks on Botton that show us the form to Join]], When he complete all the forms present in the profile
| strFirstName | strLastName | strEmail | strMonth | strLenguage | strCity | strCountry | strPassword | strComputerOS | strComputerVersion | strComputerLenguage | strBrandMobil | strModelMobil | strMobilOS | intDay | intYear | intZipCode |
| DIEGO | VASALCE | qwer0988@gmail.com | May | Spanish | Ibague | Colombia | Qwerty0987%& | Windows | 10 | Spanish | Huawei | P30 Lite | Android 10 | 01 | 2000 | 730001 | [Diego tell about yourself [Diego enters 'DIEGO' into where do we write the name, Diego enters 'VASALCE' into where do we write the lastname, Diego enters 'qwer0988@gmail.com' into where do we write the email, Diego select May on where do we choose the month of birth, Diego select 1 on where do we choose the day of birth, Diego select 2000 on where do we choose the year of birth, Diego clicks on where do we choose the lenguage]]
[Test worker] WARN net.thucydides.core.steps.BaseStepListener - stepStarted: net.thucydides.core.steps.ExecutedStepDescription@4eacc00c
[Test worker] WARN net.thucydides.core.steps.BaseStepListener - stepFinished: current outcome:New User:Given than Diego wants create a new profile [Diego open up [Diego opens the Retotecnico page, Diego clicks on Botton that show us the form to Join]], When he complete all the forms present in the profile
| strFirstName | strLastName | strEmail | strMonth | strLenguage | strCity | strCountry | strPassword | strComputerOS | strComputerVersion | strComputerLenguage | strBrandMobil | strModelMobil | strMobilOS | intDay | intYear | intZipCode |
| DIEGO | VASALCE | qwer0988@gmail.com | May | Spanish | Ibague | Colombia | Qwerty0987%& | Windows | 10 | Spanish | Huawei | P30 Lite | Android 10 | 01 | 2000 | 730001 | [Diego tell about yourself [Diego enters 'DIEGO' into where do we write the name, Diego enters 'VASALCE' into where do we write the lastname, Diego enters 'qwer0988@gmail.com' into where do we write the email, Diego select May on where do we choose the month of birth, Diego select 1 on where do we choose the day of birth, Diego select 2000 on where do we choose the year of birth, Diego clicks on where do we choose the lenguage, Diego enters 'Spanish' into where do we choose the lenguage]]
[Test worker] WARN net.thucydides.core.steps.BaseStepListener - stepStarted: net.thucydides.core.steps.ExecutedStepDescription@36568774
[Test worker] WARN net.thucydides.core.steps.BaseStepListener - stepFinished: current outcome:New User:Given than Diego wants create a new profile [Diego open up [Diego opens the Retotecnico page, Diego clicks on Botton that show us the form to Join]], When he complete all the forms present in the profile
| strFirstName | strLastName | strEmail | strMonth | strLenguage | strCity | strCountry | strPassword | strComputerOS | strComputerVersion | strComputerLenguage | strBrandMobil | strModelMobil | strMobilOS | intDay | intYear | intZipCode |
| DIEGO | VASALCE | qwer0988@gmail.com | May | Spanish | Ibague | Colombia | Qwerty0987%& | Windows | 10 | Spanish | Huawei | P30 Lite | Android 10 | 01 | 2000 | 730001 | [Diego tell about yourself [Diego enters 'DIEGO' into where do we write the name, Diego enters 'VASALCE' into where do we write the lastname, Diego enters 'qwer0988@gmail.com' into where do we write the email, Diego select May on where do we choose the month of birth, Diego select 1 on where do we choose the day of birth, Diego select 2000 on where do we choose the year of birth, Diego clicks on where do we choose the lenguage, Diego enters 'Spanish' into where do we choose the lenguage, Diego types 'ENTER' in where do we choose the lenguage]]
[Test worker] WARN net.thucydides.core.steps.BaseStepListener - stepStarted: net.thucydides.core.steps.ExecutedStepDescription@65d8c82a
[Test worker] WARN net.thucydides.core.steps.BaseStepListener - stepFinished: current outcome:New User:Given than Diego wants create a new profile [Diego open up [Diego opens the Retotecnico page, Diego clicks on Botton that show us the form to Join]], When he complete all the forms present in the profile
| strFirstName | strLastName | strEmail | strMonth | strLenguage | strCity | strCountry | strPassword | strComputerOS | strComputerVersion | strComputerLenguage | strBrandMobil | strModelMobil | strMobilOS | intDay | intYear | intZipCode |
| DIEGO | VASALCE | qwer0988@gmail.com | May | Spanish | Ibague | Colombia | Qwerty0987%& | Windows | 10 | Spanish | Huawei | P30 Lite | Android 10 | 01 | 2000 | 730001 | [Diego tell about yourself [Diego enters 'DIEGO' into where do we write the name, Diego enters 'VASALCE' into where do we write the lastname, Diego enters 'qwer0988@gmail.com' into where do we write the email, Diego select May on where do we choose the month of birth, Diego select 1 on where do we choose the day of birth, Diego select 2000 on where do we choose the year of birth, Diego clicks on where do we choose the lenguage, Diego enters 'Spanish' into where do we choose the lenguage, Diego types 'ENTER' in where do we choose the lenguage, Diego clicks on button go to the next view]]
[Test worker] WARN net.thucydides.core.steps.BaseStepListener - stepFinished: current outcome:New User:Given than Diego wants create a new profile [Diego open up [Diego opens the Retotecnico page, Diego clicks on Botton that show us the form to Join]], When he complete all the forms present in the profile
| strFirstName | strLastName | strEmail | strMonth | strLenguage | strCity | strCountry | strPassword | strComputerOS | strComputerVersion | strComputerLenguage | strBrandMobil | strModelMobil | strMobilOS | intDay | intYear | intZipCode |
| DIEGO | VASALCE | qwer0988@gmail.com | May | Spanish | Ibague | Colombia | Qwerty0987%& | Windows | 10 | Spanish | Huawei | P30 Lite | Android 10 | 01 | 2000 | 730001 | [Diego tell about yourself [Diego enters 'DIEGO' into where do we write the name, Diego enters 'VASALCE' into where do we write the lastname, Diego enters 'qwer0988@gmail.com' into where do we write the email, Diego select May on where do we choose the month of birth, Diego select 1 on where do we choose the day of birth, Diego select 2000 on where do we choose the year of birth, Diego clicks on where do we choose the lenguage, Diego enters 'Spanish' into where do we choose the lenguage, Diego types 'ENTER' in where do we choose the lenguage, Diego clicks on button go to the next view]]
[Test worker] WARN net.thucydides.core.steps.BaseStepListener - stepStarted: net.thucydides.core.steps.ExecutedStepDescription@671d3b17
[Test worker] WARN net.thucydides.core.steps.BaseStepListener - stepStarted: net.thucydides.core.steps.ExecutedStepDescription@5024702b
[Test worker] WARN net.thucydides.core.steps.BaseStepListener - stepFinished: current outcome:New User:Given than Diego wants create a new profile [Diego open up [Diego opens the Retotecnico page, Diego clicks on Botton that show us the form to Join]], When he complete all the forms present in the profile
| strFirstName | strLastName | strEmail | strMonth | strLenguage | strCity | strCountry | strPassword | strComputerOS | strComputerVersion | strComputerLenguage | strBrandMobil | strModelMobil | strMobilOS | intDay | intYear | intZipCode |
| DIEGO | VASALCE | qwer0988@gmail.com | May | Spanish | Ibague | Colombia | Qwerty0987%& | Windows | 10 | Spanish | Huawei | P30 Lite | Android 10 | 01 | 2000 | 730001 | [Diego tell about yourself [Diego enters 'DIEGO' into where do we write the name, Diego enters 'VASALCE' into where do we write the lastname, Diego enters 'qwer0988@gmail.com' into where do we write the email, Diego select May on where do we choose the month of birth, Diego select 1 on where do we choose the day of birth, Diego select 2000 on where do we choose the year of birth, Diego clicks on where do we choose the lenguage, Diego enters 'Spanish' into where do we choose the lenguage, Diego types 'ENTER' in where do we choose the lenguage, Diego clicks on button go to the next view], Diego add your adress [Diego enters 'Ibague' into input the city]]
[Test worker] WARN net.thucydides.core.steps.BaseStepListener - stepStarted: net.thucydides.core.steps.ExecutedStepDescription@26a054a2
[Test worker] WARN net.thucydides.core.steps.BaseStepListener - stepFinished: current outcome:New User:Given than Diego wants create a new profile [Diego open up [Diego opens the Retotecnico page, Diego clicks on Botton that show us the form to Join]], When he complete all the forms present in the profile
| strFirstName | strLastName | strEmail | strMonth | strLenguage | strCity | strCountry | strPassword | strComputerOS | strComputerVersion | strComputerLenguage | strBrandMobil | strModelMobil | strMobilOS | intDay | intYear | intZipCode |
| DIEGO | VASALCE | qwer0988@gmail.com | May | Spanish | Ibague | Colombia | Qwerty0987%& | Windows | 10 | Spanish | Huawei | P30 Lite | Android 10 | 01 | 2000 | 730001 | [Diego tell about yourself [Diego enters 'DIEGO' into where do we write the name, Diego enters 'VASALCE' into where do we write the lastname, Diego enters 'qwer0988@gmail.com' into where do we write the email, Diego select May on where do we choose the month of birth, Diego select 1 on where do we choose the day of birth, Diego select 2000 on where do we choose the year of birth, Diego clicks on where do we choose the lenguage, Diego enters 'Spanish' into where do we choose the lenguage, Diego types 'ENTER' in where do we choose the lenguage, Diego clicks on button go to the next view], Diego add your adress [Diego enters 'Ibague' into input the city, Diego types 'ARROW_DOWN' in input the city]]
[Test worker] WARN net.thucydides.core.steps.BaseStepListener - stepStarted: net.thucydides.core.steps.ExecutedStepDescription@246986c7
[Test worker] WARN net.thucydides.core.steps.BaseStepListener - stepFinished: current outcome:New User:Given than Diego wants create a new profile [Diego open up [Diego opens the Retotecnico page, Diego clicks on Botton that show us the form to Join]], When he complete all the forms present in the profile
| strFirstName | strLastName | strEmail | strMonth | strLenguage | strCity | strCountry | strPassword | strComputerOS | strComputerVersion | strComputerLenguage | strBrandMobil | strModelMobil | strMobilOS | intDay | intYear | intZipCode |
| DIEGO | VASALCE | qwer0988@gmail.com | May | Spanish | Ibague | Colombia | Qwerty0987%& | Windows | 10 | Spanish | Huawei | P30 Lite | Android 10 | 01 | 2000 | 730001 | [Diego tell about yourself [Diego enters 'DIEGO' into where do we write the name, Diego enters 'VASALCE' into where do we write the lastname, Diego enters 'qwer0988@gmail.com' into where do we write the email, Diego select May on where do we choose the month of birth, Diego select 1 on where do we choose the day of birth, Diego select 2000 on where do we choose the year of birth, Diego clicks on where do we choose the lenguage, Diego enters 'Spanish' into where do we choose the lenguage, Diego types 'ENTER' in where do we choose the lenguage, Diego clicks on button go to the next view], Diego add your adress [Diego enters 'Ibague' into input the city, Diego types 'ARROW_DOWN' in input the city, Diego types 'ENTER' in input the city]]
[Test worker] WARN net.thucydides.core.steps.BaseStepListener - stepStarted: net.thucydides.core.steps.ExecutedStepDescription@3940167e
[Test worker] WARN net.thucydides.core.steps.BaseStepListener - stepFinished: current outcome:New User:Given than Diego wants create a new profile [Diego open up [Diego opens the Retotecnico page, Diego clicks on Botton that show us the form to Join]], When he complete all the forms present in the profile
| strFirstName | strLastName | strEmail | strMonth | strLenguage | strCity | strCountry | strPassword | strComputerOS | strComputerVersion | strComputerLenguage | strBrandMobil | strModelMobil | strMobilOS | intDay | intYear | intZipCode |
| DIEGO | VASALCE | qwer0988@gmail.com | May | Spanish | Ibague | Colombia | Qwerty0987%& | Windows | 10 | Spanish | Huawei | P30 Lite | Android 10 | 01 | 2000 | 730001 | [Diego tell about yourself [Diego enters 'DIEGO' into where do we write the name, Diego enters 'VASALCE' into where do we write the lastname, Diego enters 'qwer0988@gmail.com' into where do we write the email, Diego select May on where do we choose the month of birth, Diego select 1 on where do we choose the day of birth, Diego select 2000 on where do we choose the year of birth, Diego clicks on where do we choose the lenguage, Diego enters 'Spanish' into where do we choose the lenguage, Diego types 'ENTER' in where do we choose the lenguage, Diego clicks on button go to the next view], Diego add your adress [Diego enters 'Ibague' into input the city, Diego types 'ARROW_DOWN' in input the city, Diego types 'ENTER' in input the city, Diego enters '730001' into input the zip code]]
[Test worker] WARN net.thucydides.core.steps.BaseStepListener - stepStarted: net.thucydides.core.steps.ExecutedStepDescription@2d530c5e
[Test worker] WARN net.thucydides.core.steps.BaseStepListener - stepFinished: current outcome:New User:Given than Diego wants create a new profile [Diego open up [Diego opens the Retotecnico page, Diego clicks on Botton that show us the form to Join]], When he complete all the forms present in the profile
| strFirstName | strLastName | strEmail | strMonth | strLenguage | strCity | strCountry | strPassword | strComputerOS | strComputerVersion | strComputerLenguage | strBrandMobil | strModelMobil | strMobilOS | intDay | intYear | intZipCode |
| DIEGO | VASALCE | qwer0988@gmail.com | May | Spanish | Ibague | Colombia | Qwerty0987%& | Windows | 10 | Spanish | Huawei | P30 Lite | Android 10 | 01 | 2000 | 730001 | [Diego tell about yourself [Diego enters 'DIEGO' into where do we write the name, Diego enters 'VASALCE' into where do we write the lastname, Diego enters 'qwer0988@gmail.com' into where do we write the email, Diego select May on where do we choose the month of birth, Diego select 1 on where do we choose the day of birth, Diego select 2000 on where do we choose the year of birth, Diego clicks on where do we choose the lenguage, Diego enters 'Spanish' into where do we choose the lenguage, Diego types 'ENTER' in where do we choose the lenguage, Diego clicks on button go to the next view], Diego add your adress [Diego enters 'Ibague' into input the city, Diego types 'ARROW_DOWN' in input the city, Diego types 'ENTER' in input the city, Diego enters '730001' into input the zip code, Diego clicks on div choose the country]]
[Test worker] WARN net.thucydides.core.steps.BaseStepListener - stepStarted: net.thucydides.core.steps.ExecutedStepDescription@26fe2a0e
[Test worker] WARN net.thucydides.core.steps.BaseStepListener - stepFinished: current outcome:New User:Given than Diego wants create a new profile [Diego open up [Diego opens the Retotecnico page, Diego clicks on Botton that show us the form to Join]], When he complete all the forms present in the profile
| strFirstName | strLastName | strEmail | strMonth | strLenguage | strCity | strCountry | strPassword | strComputerOS | strComputerVersion | strComputerLenguage | strBrandMobil | strModelMobil | strMobilOS | intDay | intYear | intZipCode |
| DIEGO | VASALCE | qwer0988@gmail.com | May | Spanish | Ibague | Colombia | Qwerty0987%& | Windows | 10 | Spanish | Huawei | P30 Lite | Android 10 | 01 | 2000 | 730001 | [Diego tell about yourself [Diego enters 'DIEGO' into where do we write the name, Diego enters 'VASALCE' into where do we write the lastname, Diego enters 'qwer0988@gmail.com' into where do we write the email, Diego select May on where do we choose the month of birth, Diego select 1 on where do we choose the day of birth, Diego select 2000 on where do we choose the year of birth, Diego clicks on where do we choose the lenguage, Diego enters 'Spanish' into where do we choose the lenguage, Diego types 'ENTER' in where do we choose the lenguage, Diego clicks on button go to the next view], Diego add your adress [Diego enters 'Ibague' into input the city, Diego types 'ARROW_DOWN' in input the city, Diego types 'ENTER' in input the city, Diego enters '730001' into input the zip code, Diego clicks on div choose the country, Diego enters 'Colombia' into input choose country]]
[Test worker] WARN net.thucydides.core.steps.BaseStepListener - stepStarted: net.thucydides.core.steps.ExecutedStepDescription@16d1d4e7
[Test worker] WARN net.thucydides.core.steps.BaseStepListener - stepFinished: current outcome:New User:Given than Diego wants create a new profile [Diego open up [Diego opens the Retotecnico page, Diego clicks on Botton that show us the form to Join]], When he complete all the forms present in the profile
| strFirstName | strLastName | strEmail | strMonth | strLenguage | strCity | strCountry | strPassword | strComputerOS | strComputerVersion | strComputerLenguage | strBrandMobil | strModelMobil | strMobilOS | intDay | intYear | intZipCode |
| DIEGO | VASALCE | qwer0988@gmail.com | May | Spanish | Ibague | Colombia | Qwerty0987%& | Windows | 10 | Spanish | Huawei | P30 Lite | Android 10 | 01 | 2000 | 730001 | [Diego tell about yourself [Diego enters 'DIEGO' into where do we write the name, Diego enters 'VASALCE' into where do we write the lastname, Diego enters 'qwer0988@gmail.com' into where do we write the email, Diego select May on where do we choose the month of birth, Diego select 1 on where do we choose the day of birth, Diego select 2000 on where do we choose the year of birth, Diego clicks on where do we choose the lenguage, Diego enters 'Spanish' into where do we choose the lenguage, Diego types 'ENTER' in where do we choose the lenguage, Diego clicks on button go to the next view], Diego add your adress [Diego enters 'Ibague' into input the city, Diego types 'ARROW_DOWN' in input the city, Diego types 'ENTER' in input the city, Diego enters '730001' into input the zip code, Diego clicks on div choose the country, Diego enters 'Colombia' into input choose country, Diego types 'ENTER' in input choose country]]
[Test worker] WARN net.thucydides.core.steps.BaseStepListener - stepStarted: net.thucydides.core.steps.ExecutedStepDescription@45aabfd3
[Test worker] WARN net.thucydides.core.steps.BaseStepListener - stepFinished: current outcome:New User:Given than Diego wants create a new profile [Diego open up [Diego opens the Retotecnico page, Diego clicks on Botton that show us the form to Join]], When he complete all the forms present in the profile
| strFirstName | strLastName | strEmail | strMonth | strLenguage | strCity | strCountry | strPassword | strComputerOS | strComputerVersion | strComputerLenguage | strBrandMobil | strModelMobil | strMobilOS | intDay | intYear | intZipCode |
| DIEGO | VASALCE | qwer0988@gmail.com | May | Spanish | Ibague | Colombia | Qwerty0987%& | Windows | 10 | Spanish | Huawei | P30 Lite | Android 10 | 01 | 2000 | 730001 | [Diego tell about yourself [Diego enters 'DIEGO' into where do we write the name, Diego enters 'VASALCE' into where do we write the lastname, Diego enters 'qwer0988@gmail.com' into where do we write the email, Diego select May on where do we choose the month of birth, Diego select 1 on where do we choose the day of birth, Diego select 2000 on where do we choose the year of birth, Diego clicks on where do we choose the lenguage, Diego enters 'Spanish' into where do we choose the lenguage, Diego types 'ENTER' in where do we choose the lenguage, Diego clicks on button go to the next view], Diego add your adress [Diego enters 'Ibague' into input the city, Diego types 'ARROW_DOWN' in input the city, Diego types 'ENTER' in input the city, Diego enters '730001' into input the zip code, Diego clicks on div choose the country, Diego enters 'Colombia' into input choose country, Diego types 'ENTER' in input choose country, Diego clicks on press button next]]
[Test worker] WARN net.thucydides.core.steps.BaseStepListener - stepFinished: current outcome:New User:Given than Diego wants create a new profile [Diego open up [Diego opens the Retotecnico page, Diego clicks on Botton that show us the form to Join]], When he complete all the forms present in the profile
| strFirstName | strLastName | strEmail | strMonth | strLenguage | strCity | strCountry | strPassword | strComputerOS | strComputerVersion | strComputerLenguage | strBrandMobil | strModelMobil | strMobilOS | intDay | intYear | intZipCode |
| DIEGO | VASALCE | qwer0988@gmail.com | May | Spanish | Ibague | Colombia | Qwerty0987%& | Windows | 10 | Spanish | Huawei | P30 Lite | Android 10 | 01 | 2000 | 730001 | [Diego tell about yourself [Diego enters 'DIEGO' into where do we write the name, Diego enters 'VASALCE' into where do we write the lastname, Diego enters 'qwer0988@gmail.com' into where do we write the email, Diego select May on where do we choose the month of birth, Diego select 1 on where do we choose the day of birth, Diego select 2000 on where do we choose the year of birth, Diego clicks on where do we choose the lenguage, Diego enters 'Spanish' into where do we choose the lenguage, Diego types 'ENTER' in where do we choose the lenguage, Diego clicks on button go to the next view], Diego add your adress [Diego enters 'Ibague' into input the city, Diego types 'ARROW_DOWN' in input the city, Diego types 'ENTER' in input the city, Diego enters '730001' into input the zip code, Diego clicks on div choose the country, Diego enters 'Colombia' into input choose country, Diego types 'ENTER' in input choose country, Diego clicks on press button next]]
[Test worker] WARN net.thucydides.core.steps.BaseStepListener - stepStarted: net.thucydides.core.steps.ExecutedStepDescription@a34601f
[Test worker] WARN net.thucydides.core.steps.BaseStepListener - stepStarted: net.thucydides.core.steps.ExecutedStepDescription@32417cb4
[Test worker] WARN net.thucydides.core.steps.BaseStepListener - stepFinished: current outcome:New User:Given than Diego wants create a new profile [Diego open up [Diego opens the Retotecnico page, Diego clicks on Botton that show us the form to Join]], When he complete all the forms present in the profile
| strFirstName | strLastName | strEmail | strMonth | strLenguage | strCity | strCountry | strPassword | strComputerOS | strComputerVersion | strComputerLenguage | strBrandMobil | strModelMobil | strMobilOS | intDay | intYear | intZipCode |
| DIEGO | VASALCE | qwer0988@gmail.com | May | Spanish | Ibague | Colombia | Qwerty0987%& | Windows | 10 | Spanish | Huawei | P30 Lite | Android 10 | 01 | 2000 | 730001 | [Diego tell about yourself [Diego enters 'DIEGO' into where do we write the name, Diego enters 'VASALCE' into where do we write the lastname, Diego enters 'qwer0988@gmail.com' into where do we write the email, Diego select May on where do we choose the month of birth, Diego select 1 on where do we choose the day of birth, Diego select 2000 on where do we choose the year of birth, Diego clicks on where do we choose the lenguage, Diego enters 'Spanish' into where do we choose the lenguage, Diego types 'ENTER' in where do we choose the lenguage, Diego clicks on button go to the next view], Diego add your adress [Diego enters 'Ibague' into input the city, Diego types 'ARROW_DOWN' in input the city, Diego types 'ENTER' in input the city, Diego enters '730001' into input the zip code, Diego clicks on div choose the country, Diego enters 'Colombia' into input choose country, Diego types 'ENTER' in input choose country, Diego clicks on press button next], Diego tell about your devices [Diego clicks on div computer os]]
[Test worker] WARN net.thucydides.core.steps.BaseStepListener - stepStarted: net.thucydides.core.steps.ExecutedStepDescription@b527b09
[Test worker] WARN net.thucydides.core.steps.BaseStepListener - stepFinished: current outcome:New User:Given than Diego wants create a new profile [Diego open up [Diego opens the Retotecnico page, Diego clicks on Botton that show us the form to Join]], When he complete all the forms present in the profile
| strFirstName | strLastName | strEmail | strMonth | strLenguage | strCity | strCountry | strPassword | strComputerOS | strComputerVersion | strComputerLenguage | strBrandMobil | strModelMobil | strMobilOS | intDay | intYear | intZipCode |
| DIEGO | VASALCE | qwer0988@gmail.com | May | Spanish | Ibague | Colombia | Qwerty0987%& | Windows | 10 | Spanish | Huawei | P30 Lite | Android 10 | 01 | 2000 | 730001 | [Diego tell about yourself [Diego enters 'DIEGO' into where do we write the name, Diego enters 'VASALCE' into where do we write the lastname, Diego enters 'qwer0988@gmail.com' into where do we write the email, Diego select May on where do we choose the month of birth, Diego select 1 on where do we choose the day of birth, Diego select 2000 on where do we choose the year of birth, Diego clicks on where do we choose the lenguage, Diego enters 'Spanish' into where do we choose the lenguage, Diego types 'ENTER' in where do we choose the lenguage, Diego clicks on button go to the next view], Diego add your adress [Diego enters 'Ibague' into input the city, Diego types 'ARROW_DOWN' in input the city, Diego types 'ENTER' in input the city, Diego enters '730001' into input the zip code, Diego clicks on div choose the country, Diego enters 'Colombia' into input choose country, Diego types 'ENTER' in input choose country, Diego clicks on press button next], Diego tell about your devices [Diego clicks on div computer os, Diego enters 'Windows' into input computer os]]
[Test worker] WARN net.thucydides.core.steps.BaseStepListener - stepStarted: net.thucydides.core.steps.ExecutedStepDescription@5581906a
[Test worker] WARN net.thucydides.core.steps.BaseStepListener - stepFinished: current outcome:New User:Given than Diego wants create a new profile [Diego open up [Diego opens the Retotecnico page, Diego clicks on Botton that show us the form to Join]], When he complete all the forms present in the profile
| strFirstName | strLastName | strEmail | strMonth | strLenguage | strCity | strCountry | strPassword | strComputerOS | strComputerVersion | strComputerLenguage | strBrandMobil | strModelMobil | strMobilOS | intDay | intYear | intZipCode |
| DIEGO | VASALCE | qwer0988@gmail.com | May | Spanish | Ibague | Colombia | Qwerty0987%& | Windows | 10 | Spanish | Huawei | P30 Lite | Android 10 | 01 | 2000 | 730001 | [Diego tell about yourself [Diego enters 'DIEGO' into where do we write the name, Diego enters 'VASALCE' into where do we write the lastname, Diego enters 'qwer0988@gmail.com' into where do we write the email, Diego select May on where do we choose the month of birth, Diego select 1 on where do we choose the day of birth, Diego select 2000 on where do we choose the year of birth, Diego clicks on where do we choose the lenguage, Diego enters 'Spanish' into where do we choose the lenguage, Diego types 'ENTER' in where do we choose the lenguage, Diego clicks on button go to the next view], Diego add your adress [Diego enters 'Ibague' into input the city, Diego types 'ARROW_DOWN' in input the city, Diego types 'ENTER' in input the city, Diego enters '730001' into input the zip code, Diego clicks on div choose the country, Diego enters 'Colombia' into input choose country, Diego types 'ENTER' in input choose country, Diego clicks on press button next], Diego tell about your devices [Diego clicks on div computer os, Diego enters 'Windows' into input computer os, Diego types 'ENTER' in input computer os]]
[Test worker] WARN net.thucydides.core.steps.BaseStepListener - stepStarted: net.thucydides.core.steps.ExecutedStepDescription@23930233
[Test worker] WARN net.thucydides.core.steps.BaseStepListener - stepFinished: current outcome:New User:Given than Diego wants create a new profile [Diego open up [Diego opens the Retotecnico page, Diego clicks on Botton that show us the form to Join]], When he complete all the forms present in the profile
| strFirstName | strLastName | strEmail | strMonth | strLenguage | strCity | strCountry | strPassword | strComputerOS | strComputerVersion | strComputerLenguage | strBrandMobil | strModelMobil | strMobilOS | intDay | intYear | intZipCode |
| DIEGO | VASALCE | qwer0988@gmail.com | May | Spanish | Ibague | Colombia | Qwerty0987%& | Windows | 10 | Spanish | Huawei | P30 Lite | Android 10 | 01 | 2000 | 730001 | [Diego tell about yourself [Diego enters 'DIEGO' into where do we write the name, Diego enters 'VASALCE' into where do we write the lastname, Diego enters 'qwer0988@gmail.com' into where do we write the email, Diego select May on where do we choose the month of birth, Diego select 1 on where do we choose the day of birth, Diego select 2000 on where do we choose the year of birth, Diego clicks on where do we choose the lenguage, Diego enters 'Spanish' into where do we choose the lenguage, Diego types 'ENTER' in where do we choose the lenguage, Diego clicks on button go to the next view], Diego add your adress [Diego enters 'Ibague' into input the city, Diego types 'ARROW_DOWN' in input the city, Diego types 'ENTER' in input the city, Diego enters '730001' into input the zip code, Diego clicks on div choose the country, Diego enters 'Colombia' into input choose country, Diego types 'ENTER' in input choose country, Diego clicks on press button next], Diego tell about your devices [Diego clicks on div computer os, Diego enters 'Windows' into input computer os, Diego types 'ENTER' in input computer os, Diego clicks on div version os]]
[Test worker] WARN net.thucydides.core.steps.BaseStepListener - stepStarted: net.thucydides.core.steps.ExecutedStepDescription@1b8a027a
[Test worker] WARN net.thucydides.core.steps.BaseStepListener - stepFinished: current outcome:New User:Given than Diego wants create a new profile [Diego open up [Diego opens the Retotecnico page, Diego clicks on Botton that show us the form to Join]], When he complete all the forms present in the profile
| strFirstName | strLastName | strEmail | strMonth | strLenguage | strCity | strCountry | strPassword | strComputerOS | strComputerVersion | strComputerLenguage | strBrandMobil | strModelMobil | strMobilOS | intDay | intYear | intZipCode |
| DIEGO | VASALCE | qwer0988@gmail.com | May | Spanish | Ibague | Colombia | Qwerty0987%& | Windows | 10 | Spanish | Huawei | P30 Lite | Android 10 | 01 | 2000 | 730001 | [Diego tell about yourself [Diego enters 'DIEGO' into where do we write the name, Diego enters 'VASALCE' into where do we write the lastname, Diego enters 'qwer0988@gmail.com' into where do we write the email, Diego select May on where do we choose the month of birth, Diego select 1 on where do we choose the day of birth, Diego select 2000 on where do we choose the year of birth, Diego clicks on where do we choose the lenguage, Diego enters 'Spanish' into where do we choose the lenguage, Diego types 'ENTER' in where do we choose the lenguage, Diego clicks on button go to the next view], Diego add your adress [Diego enters 'Ibague' into input the city, Diego types 'ARROW_DOWN' in input the city, Diego types 'ENTER' in input the city, Diego enters '730001' into input the zip code, Diego clicks on div choose the country, Diego enters 'Colombia' into input choose country, Diego types 'ENTER' in input choose country, Diego clicks on press button next], Diego tell about your devices [Diego clicks on div computer os, Diego enters 'Windows' into input computer os, Diego types 'ENTER' in input computer os, Diego clicks on div version os, Diego enters '10' into input version os]]
[Test worker] WARN net.thucydides.core.steps.BaseStepListener - stepStarted: net.thucydides.core.steps.ExecutedStepDescription@5cbcf708
[Test worker] WARN net.thucydides.core.steps.BaseStepListener - stepFinished: current outcome:New User:Given than Diego wants create a new profile [Diego open up [Diego opens the Retotecnico page, Diego clicks on Botton that show us the form to Join]], When he complete all the forms present in the profile
| strFirstName | strLastName | strEmail | strMonth | strLenguage | strCity | strCountry | strPassword | strComputerOS | strComputerVersion | strComputerLenguage | strBrandMobil | strModelMobil | strMobilOS | intDay | intYear | intZipCode |
| DIEGO | VASALCE | qwer0988@gmail.com | May | Spanish | Ibague | Colombia | Qwerty0987%& | Windows | 10 | Spanish | Huawei | P30 Lite | Android 10 | 01 | 2000 | 730001 | [Diego tell about yourself [Diego enters 'DIEGO' into where do we write the name, Diego enters 'VASALCE' into where do we write the lastname, Diego enters 'qwer0988@gmail.com' into where do we write the email, Diego select May on where do we choose the month of birth, Diego select 1 on where do we choose the day of birth, Diego select 2000 on where do we choose the year of birth, Diego clicks on where do we choose the lenguage, Diego enters 'Spanish' into where do we choose the lenguage, Diego types 'ENTER' in where do we choose the lenguage, Diego clicks on button go to the next view], Diego add your adress [Diego enters 'Ibague' into input the city, Diego types 'ARROW_DOWN' in input the city, Diego types 'ENTER' in input the city, Diego enters '730001' into input the zip code, Diego clicks on div choose the country, Diego enters 'Colombia' into input choose country, Diego types 'ENTER' in input choose country, Diego clicks on press button next], Diego tell about your devices [Diego clicks on div computer os, Diego enters 'Windows' into input computer os, Diego types 'ENTER' in input computer os, Diego clicks on div version os, Diego enters '10' into input version os, Diego types 'ENTER' in input version os]]
[Test worker] WARN net.thucydides.core.steps.BaseStepListener - stepStarted: net.thucydides.core.steps.ExecutedStepDescription@173d6142
[Test worker] WARN net.thucydides.core.steps.BaseStepListener - stepFinished: current outcome:New User:Given than Diego wants create a new profile [Diego open up [Diego opens the Retotecnico page, Diego clicks on Botton that show us the form to Join]], When he complete all the forms present in the profile
| strFirstName | strLastName | strEmail | strMonth | strLenguage | strCity | strCountry | strPassword | strComputerOS | strComputerVersion | strComputerLenguage | strBrandMobil | strModelMobil | strMobilOS | intDay | intYear | intZipCode |
| DIEGO | VASALCE | qwer0988@gmail.com | May | Spanish | Ibague | Colombia | Qwerty0987%& | Windows | 10 | Spanish | Huawei | P30 Lite | Android 10 | 01 | 2000 | 730001 | [Diego tell about yourself [Diego enters 'DIEGO' into where do we write the name, Diego enters 'VASALCE' into where do we write the lastname, Diego enters 'qwer0988@gmail.com' into where do we write the email, Diego select May on where do we choose the month of birth, Diego select 1 on where do we choose the day of birth, Diego select 2000 on where do we choose the year of birth, Diego clicks on where do we choose the lenguage, Diego enters 'Spanish' into where do we choose the lenguage, Diego types 'ENTER' in where do we choose the lenguage, Diego clicks on button go to the next view], Diego add your adress [Diego enters 'Ibague' into input the city, Diego types 'ARROW_DOWN' in input the city, Diego types 'ENTER' in input the city, Diego enters '730001' into input the zip code, Diego clicks on div choose the country, Diego enters 'Colombia' into input choose country, Diego types 'ENTER' in input choose country, Diego clicks on press button next], Diego tell about your devices [Diego clicks on div computer os, Diego enters 'Windows' into input computer os, Diego types 'ENTER' in input computer os, Diego clicks on div version os, Diego enters '10' into input version os, Diego types 'ENTER' in input version os, Diego clicks on div language os]]
[Test worker] WARN net.thucydides.core.steps.BaseStepListener - stepStarted: net.thucydides.core.steps.ExecutedStepDescription@3f47f801
[Test worker] WARN net.thucydides.core.steps.BaseStepListener - stepFinished: current outcome:New User:Given than Diego wants create a new profile [Diego open up [Diego opens the Retotecnico page, Diego clicks on Botton that show us the form to Join]], When he complete all the forms present in the profile
| strFirstName | strLastName | strEmail | strMonth | strLenguage | strCity | strCountry | strPassword | strComputerOS | strComputerVersion | strComputerLenguage | strBrandMobil | strModelMobil | strMobilOS | intDay | intYear | intZipCode |
| DIEGO | VASALCE | qwer0988@gmail.com | May | Spanish | Ibague | Colombia | Qwerty0987%& | Windows | 10 | Spanish | Huawei | P30 Lite | Android 10 | 01 | 2000 | 730001 | [Diego tell about yourself [Diego enters 'DIEGO' into where do we write the name, Diego enters 'VASALCE' into where do we write the lastname, Diego enters 'qwer0988@gmail.com' into where do we write the email, Diego select May on where do we choose the month of birth, Diego select 1 on where do we choose the day of birth, Diego select 2000 on where do we choose the year of birth, Diego clicks on where do we choose the lenguage, Diego enters 'Spanish' into where do we choose the lenguage, Diego types 'ENTER' in where do we choose the lenguage, Diego clicks on button go to the next view], Diego add your adress [Diego enters 'Ibague' into input the city, Diego types 'ARROW_DOWN' in input the city, Diego types 'ENTER' in input the city, Diego enters '730001' into input the zip code, Diego clicks on div choose the country, Diego enters 'Colombia' into input choose country, Diego types 'ENTER' in input choose country, Diego clicks on press button next], Diego tell about your devices [Diego clicks on div computer os, Diego enters 'Windows' into input computer os, Diego types 'ENTER' in input computer os, Diego clicks on div version os, Diego enters '10' into input version os, Diego types 'ENTER' in input version os, Diego clicks on div language os, Diego enters 'Spanish' into input language os]]
[Test worker] WARN net.thucydides.core.steps.BaseStepListener - stepStarted: net.thucydides.core.steps.ExecutedStepDescription@2bc7a3d5
[Test worker] WARN net.thucydides.core.steps.BaseStepListener - stepFinished: current outcome:New User:Given than Diego wants create a new profile [Diego open up [Diego opens the Retotecnico page, Diego clicks on Botton that show us the form to Join]], When he complete all the forms present in the profile
| strFirstName | strLastName | strEmail | strMonth | strLenguage | strCity | strCountry | strPassword | strComputerOS | strComputerVersion | strComputerLenguage | strBrandMobil | strModelMobil | strMobilOS | intDay | intYear | intZipCode |
| DIEGO | VASALCE | qwer0988@gmail.com | May | Spanish | Ibague | Colombia | Qwerty0987%& | Windows | 10 | Spanish | Huawei | P30 Lite | Android 10 | 01 | 2000 | 730001 | [Diego tell about yourself [Diego enters 'DIEGO' into where do we write the name, Diego enters 'VASALCE' into where do we write the lastname, Diego enters 'qwer0988@gmail.com' into where do we write the email, Diego select May on where do we choose the month of birth, Diego select 1 on where do we choose the day of birth, Diego select 2000 on where do we choose the year of birth, Diego clicks on where do we choose the lenguage, Diego enters 'Spanish' into where do we choose the lenguage, Diego types 'ENTER' in where do we choose the lenguage, Diego clicks on button go to the next view], Diego add your adress [Diego enters 'Ibague' into input the city, Diego types 'ARROW_DOWN' in input the city, Diego types 'ENTER' in input the city, Diego enters '730001' into input the zip code, Diego clicks on div choose the country, Diego enters 'Colombia' into input choose country, Diego types 'ENTER' in input choose country, Diego clicks on press button next], Diego tell about your devices [Diego clicks on div computer os, Diego enters 'Windows' into input computer os, Diego types 'ENTER' in input computer os, Diego clicks on div version os, Diego enters '10' into input version os, Diego types 'ENTER' in input version os, Diego clicks on div language os, Diego enters 'Spanish' into input language os, Diego types 'ENTER' in input language os]]
[Test worker] WARN net.thucydides.core.steps.BaseStepListener - stepStarted: net.thucydides.core.steps.ExecutedStepDescription@657d7ec8
[Test worker] WARN net.thucydides.core.steps.BaseStepListener - stepFinished: current outcome:New User:Given than Diego wants create a new profile [Diego open up [Diego opens the Retotecnico page, Diego clicks on Botton that show us the form to Join]], When he complete all the forms present in the profile
| strFirstName | strLastName | strEmail | strMonth | strLenguage | strCity | strCountry | strPassword | strComputerOS | strComputerVersion | strComputerLenguage | strBrandMobil | strModelMobil | strMobilOS | intDay | intYear | intZipCode |
| DIEGO | VASALCE | qwer0988@gmail.com | May | Spanish | Ibague | Colombia | Qwerty0987%& | Windows | 10 | Spanish | Huawei | P30 Lite | Android 10 | 01 | 2000 | 730001 | [Diego tell about yourself [Diego enters 'DIEGO' into where do we write the name, Diego enters 'VASALCE' into where do we write the lastname, Diego enters 'qwer0988@gmail.com' into where do we write the email, Diego select May on where do we choose the month of birth, Diego select 1 on where do we choose the day of birth, Diego select 2000 on where do we choose the year of birth, Diego clicks on where do we choose the lenguage, Diego enters 'Spanish' into where do we choose the lenguage, Diego types 'ENTER' in where do we choose the lenguage, Diego clicks on button go to the next view], Diego add your adress [Diego enters 'Ibague' into input the city, Diego types 'ARROW_DOWN' in input the city, Diego types 'ENTER' in input the city, Diego enters '730001' into input the zip code, Diego clicks on div choose the country, Diego enters 'Colombia' into input choose country, Diego types 'ENTER' in input choose country, Diego clicks on press button next], Diego tell about your devices [Diego clicks on div computer os, Diego enters 'Windows' into input computer os, Diego types 'ENTER' in input computer os, Diego clicks on div version os, Diego enters '10' into input version os, Diego types 'ENTER' in input version os, Diego clicks on div language os, Diego enters 'Spanish' into input language os, Diego types 'ENTER' in input language os, Diego clicks on div brand mobile]]
[Test worker] WARN net.thucydides.core.steps.BaseStepListener - stepStarted: net.thucydides.core.steps.ExecutedStepDescription@3886f6fb
[Test worker] WARN net.thucydides.core.steps.BaseStepListener - stepFinished: current outcome:New User:Given than Diego wants create a new profile [Diego open up [Diego opens the Retotecnico page, Diego clicks on Botton that show us the form to Join]], When he complete all the forms present in the profile
| strFirstName | strLastName | strEmail | strMonth | strLenguage | strCity | strCountry | strPassword | strComputerOS | strComputerVersion | strComputerLenguage | strBrandMobil | strModelMobil | strMobilOS | intDay | intYear | intZipCode |
| DIEGO | VASALCE | qwer0988@gmail.com | May | Spanish | Ibague | Colombia | Qwerty0987%& | Windows | 10 | Spanish | Huawei | P30 Lite | Android 10 | 01 | 2000 | 730001 | [Diego tell about yourself [Diego enters 'DIEGO' into where do we write the name, Diego enters 'VASALCE' into where do we write the lastname, Diego enters 'qwer0988@gmail.com' into where do we write the email, Diego select May on where do we choose the month of birth, Diego select 1 on where do we choose the day of birth, Diego select 2000 on where do we choose the year of birth, Diego clicks on where do we choose the lenguage, Diego enters 'Spanish' into where do we choose the lenguage, Diego types 'ENTER' in where do we choose the lenguage, Diego clicks on button go to the next view], Diego add your adress [Diego enters 'Ibague' into input the city, Diego types 'ARROW_DOWN' in input the city, Diego types 'ENTER' in input the city, Diego enters '730001' into input the zip code, Diego clicks on div choose the country, Diego enters 'Colombia' into input choose country, Diego types 'ENTER' in input choose country, Diego clicks on press button next], Diego tell about your devices [Diego clicks on div computer os, Diego enters 'Windows' into input computer os, Diego types 'ENTER' in input computer os, Diego clicks on div version os, Diego enters '10' into input version os, Diego types 'ENTER' in input version os, Diego clicks on div language os, Diego enters 'Spanish' into input language os, Diego types 'ENTER' in input language os, Diego clicks on div brand mobile, Diego enters 'Huawei' into input brand mobile]]
[Test worker] WARN net.thucydides.core.steps.BaseStepListener - stepStarted: net.thucydides.core.steps.ExecutedStepDescription@199dc6a2
[Test worker] WARN net.thucydides.core.steps.BaseStepListener - stepFinished: current outcome:New User:Given than Diego wants create a new profile [Diego open up [Diego opens the Retotecnico page, Diego clicks on Botton that show us the form to Join]], When he complete all the forms present in the profile
| strFirstName | strLastName | strEmail | strMonth | strLenguage | strCity | strCountry | strPassword | strComputerOS | strComputerVersion | strComputerLenguage | strBrandMobil | strModelMobil | strMobilOS | intDay | intYear | intZipCode |
| DIEGO | VASALCE | qwer0988@gmail.com | May | Spanish | Ibague | Colombia | Qwerty0987%& | Windows | 10 | Spanish | Huawei | P30 Lite | Android 10 | 01 | 2000 | 730001 | [Diego tell about yourself [Diego enters 'DIEGO' into where do we write the name, Diego enters 'VASALCE' into where do we write the lastname, Diego enters 'qwer0988@gmail.com' into where do we write the email, Diego select May on where do we choose the month of birth, Diego select 1 on where do we choose the day of birth, Diego select 2000 on where do we choose the year of birth, Diego clicks on where do we choose the lenguage, Diego enters 'Spanish' into where do we choose the lenguage, Diego types 'ENTER' in where do we choose the lenguage, Diego clicks on button go to the next view], Diego add your adress [Diego enters 'Ibague' into input the city, Diego types 'ARROW_DOWN' in input the city, Diego types 'ENTER' in input the city, Diego enters '730001' into input the zip code, Diego clicks on div choose the country, Diego enters 'Colombia' into input choose country, Diego types 'ENTER' in input choose country, Diego clicks on press button next], Diego tell about your devices [Diego clicks on div computer os, Diego enters 'Windows' into input computer os, Diego types 'ENTER' in input computer os, Diego clicks on div version os, Diego enters '10' into input version os, Diego types 'ENTER' in input version os, Diego clicks on div language os, Diego enters 'Spanish' into input language os, Diego types 'ENTER' in input language os, Diego clicks on div brand mobile, Diego enters 'Huawei' into input brand mobile, Diego types 'ENTER' in input brand mobile]]
[Test worker] WARN net.thucydides.core.steps.BaseStepListener - stepStarted: net.thucydides.core.steps.ExecutedStepDescription@37f01f2f
[Test worker] WARN net.thucydides.core.steps.BaseStepListener - stepFinished: current outcome:New User:Given than Diego wants create a new profile [Diego open up [Diego opens the Retotecnico page, Diego clicks on Botton that show us the form to Join]], When he complete all the forms present in the profile
| strFirstName | strLastName | strEmail | strMonth | strLenguage | strCity | strCountry | strPassword | strComputerOS | strComputerVersion | strComputerLenguage | strBrandMobil | strModelMobil | strMobilOS | intDay | intYear | intZipCode |
| DIEGO | VASALCE | qwer0988@gmail.com | May | Spanish | Ibague | Colombia | Qwerty0987%& | Windows | 10 | Spanish | Huawei | P30 Lite | Android 10 | 01 | 2000 | 730001 | [Diego tell about yourself [Diego enters 'DIEGO' into where do we write the name, Diego enters 'VASALCE' into where do we write the lastname, Diego enters 'qwer0988@gmail.com' into where do we write the email, Diego select May on where do we choose the month of birth, Diego select 1 on where do we choose the day of birth, Diego select 2000 on where do we choose the year of birth, Diego clicks on where do we choose the lenguage, Diego enters 'Spanish' into where do we choose the lenguage, Diego types 'ENTER' in where do we choose the lenguage, Diego clicks on button go to the next view], Diego add your adress [Diego enters 'Ibague' into input the city, Diego types 'ARROW_DOWN' in input the city, Diego types 'ENTER' in input the city, Diego enters '730001' into input the zip code, Diego clicks on div choose the country, Diego enters 'Colombia' into input choose country, Diego types 'ENTER' in input choose country, Diego clicks on press button next], Diego tell about your devices [Diego clicks on div computer os, Diego enters 'Windows' into input computer os, Diego types 'ENTER' in input computer os, Diego clicks on div version os, Diego enters '10' into input version os, Diego types 'ENTER' in input version os, Diego clicks on div language os, Diego enters 'Spanish' into input language os, Diego types 'ENTER' in input language os, Diego clicks on div brand mobile, Diego enters 'Huawei' into input brand mobile, Diego types 'ENTER' in input brand mobile, Diego clicks on div model mobile]]
[Test worker] WARN net.thucydides.core.steps.BaseStepListener - stepStarted: net.thucydides.core.steps.ExecutedStepDescription@2403c3c6
[Test worker] WARN net.thucydides.core.steps.BaseStepListener - stepFinished: current outcome:New User:Given than Diego wants create a new profile [Diego open up [Diego opens the Retotecnico page, Diego clicks on Botton that show us the form to Join]], When he complete all the forms present in the profile
| strFirstName | strLastName | strEmail | strMonth | strLenguage | strCity | strCountry | strPassword | strComputerOS | strComputerVersion | strComputerLenguage | strBrandMobil | strModelMobil | strMobilOS | intDay | intYear | intZipCode |
| DIEGO | VASALCE | qwer0988@gmail.com | May | Spanish | Ibague | Colombia | Qwerty0987%& | Windows | 10 | Spanish | Huawei | P30 Lite | Android 10 | 01 | 2000 | 730001 | [Diego tell about yourself [Diego enters 'DIEGO' into where do we write the name, Diego enters 'VASALCE' into where do we write the lastname, Diego enters 'qwer0988@gmail.com' into where do we write the email, Diego select May on where do we choose the month of birth, Diego select 1 on where do we choose the day of birth, Diego select 2000 on where do we choose the year of birth, Diego clicks on where do we choose the lenguage, Diego enters 'Spanish' into where do we choose the lenguage, Diego types 'ENTER' in where do we choose the lenguage, Diego clicks on button go to the next view], Diego add your adress [Diego enters 'Ibague' into input the city, Diego types 'ARROW_DOWN' in input the city, Diego types 'ENTER' in input the city, Diego enters '730001' into input the zip code, Diego clicks on div choose the country, Diego enters 'Colombia' into input choose country, Diego types 'ENTER' in input choose country, Diego clicks on press button next], Diego tell about your devices [Diego clicks on div computer os, Diego enters 'Windows' into input computer os, Diego types 'ENTER' in input computer os, Diego clicks on div version os, Diego enters '10' into input version os, Diego types 'ENTER' in input version os, Diego clicks on div language os, Diego enters 'Spanish' into input language os, Diego types 'ENTER' in input language os, Diego clicks on div brand mobile, Diego enters 'Huawei' into input brand mobile, Diego types 'ENTER' in input brand mobile, Diego clicks on div model mobile, Diego enters 'P30 Lite' into input model mobile]]
[Test worker] WARN net.thucydides.core.steps.BaseStepListener - stepStarted: net.thucydides.core.steps.ExecutedStepDescription@4e0a90f2
[Test worker] WARN net.thucydides.core.steps.BaseStepListener - stepFinished: current outcome:New User:Given than Diego wants create a new profile [Diego open up [Diego opens the Retotecnico page, Diego clicks on Botton that show us the form to Join]], When he complete all the forms present in the profile
| strFirstName | strLastName | strEmail | strMonth | strLenguage | strCity | strCountry | strPassword | strComputerOS | strComputerVersion | strComputerLenguage | strBrandMobil | strModelMobil | strMobilOS | intDay | intYear | intZipCode |
| DIEGO | VASALCE | qwer0988@gmail.com | May | Spanish | Ibague | Colombia | Qwerty0987%& | Windows | 10 | Spanish | Huawei | P30 Lite | Android 10 | 01 | 2000 | 730001 | [Diego tell about yourself [Diego enters 'DIEGO' into where do we write the name, Diego enters 'VASALCE' into where do we write the lastname, Diego enters 'qwer0988@gmail.com' into where do we write the email, Diego select May on where do we choose the month of birth, Diego select 1 on where do we choose the day of birth, Diego select 2000 on where do we choose the year of birth, Diego clicks on where do we choose the lenguage, Diego enters 'Spanish' into where do we choose the lenguage, Diego types 'ENTER' in where do we choose the lenguage, Diego clicks on button go to the next view], Diego add your adress [Diego enters 'Ibague' into input the city, Diego types 'ARROW_DOWN' in input the city, Diego types 'ENTER' in input the city, Diego enters '730001' into input the zip code, Diego clicks on div choose the country, Diego enters 'Colombia' into input choose country, Diego types 'ENTER' in input choose country, Diego clicks on press button next], Diego tell about your devices [Diego clicks on div computer os, Diego enters 'Windows' into input computer os, Diego types 'ENTER' in input computer os, Diego clicks on div version os, Diego enters '10' into input version os, Diego types 'ENTER' in input version os, Diego clicks on div language os, Diego enters 'Spanish' into input language os, Diego types 'ENTER' in input language os, Diego clicks on div brand mobile, Diego enters 'Huawei' into input brand mobile, Diego types 'ENTER' in input brand mobile, Diego clicks on div model mobile, Diego enters 'P30 Lite' into input model mobile, Diego types 'ENTER' in input model mobile]]
[Test worker] WARN net.thucydides.core.steps.BaseStepListener - stepStarted: net.thucydides.core.steps.ExecutedStepDescription@a4cea4
[Test worker] WARN net.thucydides.core.steps.BaseStepListener - stepFinished: current outcome:New User:Given than Diego wants create a new profile [Diego open up [Diego opens the Retotecnico page, Diego clicks on Botton that show us the form to Join]], When he complete all the forms present in the profile
| strFirstName | strLastName | strEmail | strMonth | strLenguage | strCity | strCountry | strPassword | strComputerOS | strComputerVersion | strComputerLenguage | strBrandMobil | strModelMobil | strMobilOS | intDay | intYear | intZipCode |
| DIEGO | VASALCE | qwer0988@gmail.com | May | Spanish | Ibague | Colombia | Qwerty0987%& | Windows | 10 | Spanish | Huawei | P30 Lite | Android 10 | 01 | 2000 | 730001 | [Diego tell about yourself [Diego enters 'DIEGO' into where do we write the name, Diego enters 'VASALCE' into where do we write the lastname, Diego enters 'qwer0988@gmail.com' into where do we write the email, Diego select May on where do we choose the month of birth, Diego select 1 on where do we choose the day of birth, Diego select 2000 on where do we choose the year of birth, Diego clicks on where do we choose the lenguage, Diego enters 'Spanish' into where do we choose the lenguage, Diego types 'ENTER' in where do we choose the lenguage, Diego clicks on button go to the next view], Diego add your adress [Diego enters 'Ibague' into input the city, Diego types 'ARROW_DOWN' in input the city, Diego types 'ENTER' in input the city, Diego enters '730001' into input the zip code, Diego clicks on div choose the country, Diego enters 'Colombia' into input choose country, Diego types 'ENTER' in input choose country, Diego clicks on press button next], Diego tell about your devices [Diego clicks on div computer os, Diego enters 'Windows' into input computer os, Diego types 'ENTER' in input computer os, Diego clicks on div version os, Diego enters '10' into input version os, Diego types 'ENTER' in input version os, Diego clicks on div language os, Diego enters 'Spanish' into input language os, Diego types 'ENTER' in input language os, Diego clicks on div brand mobile, Diego enters 'Huawei' into input brand mobile, Diego types 'ENTER' in input brand mobile, Diego clicks on div model mobile, Diego enters 'P30 Lite' into input model mobile, Diego types 'ENTER' in input model mobile, Diego clicks on div mobile os]]
[Test worker] WARN net.thucydides.core.steps.BaseStepListener - stepStarted: net.thucydides.core.steps.ExecutedStepDescription@846ffb1
[Test worker] WARN net.thucydides.core.steps.BaseStepListener - stepFinished: current outcome:New User:Given than Diego wants create a new profile [Diego open up [Diego opens the Retotecnico page, Diego clicks on Botton that show us the form to Join]], When he complete all the forms present in the profile
| strFirstName | strLastName | strEmail | strMonth | strLenguage | strCity | strCountry | strPassword | strComputerOS | strComputerVersion | strComputerLenguage | strBrandMobil | strModelMobil | strMobilOS | intDay | intYear | intZipCode |
| DIEGO | VASALCE | qwer0988@gmail.com | May | Spanish | Ibague | Colombia | Qwerty0987%& | Windows | 10 | Spanish | Huawei | P30 Lite | Android 10 | 01 | 2000 | 730001 | [Diego tell about yourself [Diego enters 'DIEGO' into where do we write the name, Diego enters 'VASALCE' into where do we write the lastname, Diego enters 'qwer0988@gmail.com' into where do we write the email, Diego select May on where do we choose the month of birth, Diego select 1 on where do we choose the day of birth, Diego select 2000 on where do we choose the year of birth, Diego clicks on where do we choose the lenguage, Diego enters 'Spanish' into where do we choose the lenguage, Diego types 'ENTER' in where do we choose the lenguage, Diego clicks on button go to the next view], Diego add your adress [Diego enters 'Ibague' into input the city, Diego types 'ARROW_DOWN' in input the city, Diego types 'ENTER' in input the city, Diego enters '730001' into input the zip code, Diego clicks on div choose the country, Diego enters 'Colombia' into input choose country, Diego types 'ENTER' in input choose country, Diego clicks on press button next], Diego tell about your devices [Diego clicks on div computer os, Diego enters 'Windows' into input computer os, Diego types 'ENTER' in input computer os, Diego clicks on div version os, Diego enters '10' into input version os, Diego types 'ENTER' in input version os, Diego clicks on div language os, Diego enters 'Spanish' into input language os, Diego types 'ENTER' in input language os, Diego clicks on div brand mobile, Diego enters 'Huawei' into input brand mobile, Diego types 'ENTER' in input brand mobile, Diego clicks on div model mobile, Diego enters 'P30 Lite' into input model mobile, Diego types 'ENTER' in input model mobile, Diego clicks on div mobile os, Diego enters 'Android 10' into input mobile os]]
[Test worker] WARN net.thucydides.core.steps.BaseStepListener - stepStarted: net.thucydides.core.steps.ExecutedStepDescription@5a2284f2
[Test worker] WARN net.thucydides.core.steps.BaseStepListener - stepFinished: current outcome:New User:Given than Diego wants create a new profile [Diego open up [Diego opens the Retotecnico page, Diego clicks on Botton that show us the form to Join]], When he complete all the forms present in the profile
| strFirstName | strLastName | strEmail | strMonth | strLenguage | strCity | strCountry | strPassword | strComputerOS | strComputerVersion | strComputerLenguage | strBrandMobil | strModelMobil | strMobilOS | intDay | intYear | intZipCode |
| DIEGO | VASALCE | qwer0988@gmail.com | May | Spanish | Ibague | Colombia | Qwerty0987%& | Windows | 10 | Spanish | Huawei | P30 Lite | Android 10 | 01 | 2000 | 730001 | [Diego tell about yourself [Diego enters 'DIEGO' into where do we write the name, Diego enters 'VASALCE' into where do we write the lastname, Diego enters 'qwer0988@gmail.com' into where do we write the email, Diego select May on where do we choose the month of birth, Diego select 1 on where do we choose the day of birth, Diego select 2000 on where do we choose the year of birth, Diego clicks on where do we choose the lenguage, Diego enters 'Spanish' into where do we choose the lenguage, Diego types 'ENTER' in where do we choose the lenguage, Diego clicks on button go to the next view], Diego add your adress [Diego enters 'Ibague' into input the city, Diego types 'ARROW_DOWN' in input the city, Diego types 'ENTER' in input the city, Diego enters '730001' into input the zip code, Diego clicks on div choose the country, Diego enters 'Colombia' into input choose country, Diego types 'ENTER' in input choose country, Diego clicks on press button next], Diego tell about your devices [Diego clicks on div computer os, Diego enters 'Windows' into input computer os, Diego types 'ENTER' in input computer os, Diego clicks on div version os, Diego enters '10' into input version os, Diego types 'ENTER' in input version os, Diego clicks on div language os, Diego enters 'Spanish' into input language os, Diego types 'ENTER' in input language os, Diego clicks on div brand mobile, Diego enters 'Huawei' into input brand mobile, Diego types 'ENTER' in input brand mobile, Diego clicks on div model mobile, Diego enters 'P30 Lite' into input model mobile, Diego types 'ENTER' in input model mobile, Diego clicks on div mobile os, Diego enters 'Android 10' into input mobile os, Diego types 'ENTER' in input mobile os]]
[Test worker] WARN net.thucydides.core.steps.BaseStepListener - stepStarted: net.thucydides.core.steps.ExecutedStepDescription@31fab429
[Test worker] WARN net.thucydides.core.steps.BaseStepListener - stepFinished: current outcome:New User:Given than Diego wants create a new profile [Diego open up [Diego opens the Retotecnico page, Diego clicks on Botton that show us the form to Join]], When he complete all the forms present in the profile
| strFirstName | strLastName | strEmail | strMonth | strLenguage | strCity | strCountry | strPassword | strComputerOS | strComputerVersion | strComputerLenguage | strBrandMobil | strModelMobil | strMobilOS | intDay | intYear | intZipCode |
| DIEGO | VASALCE | qwer0988@gmail.com | May | Spanish | Ibague | Colombia | Qwerty0987%& | Windows | 10 | Spanish | Huawei | P30 Lite | Android 10 | 01 | 2000 | 730001 | [Diego tell about yourself [Diego enters 'DIEGO' into where do we write the name, Diego enters 'VASALCE' into where do we write the lastname, Diego enters 'qwer0988@gmail.com' into where do we write the email, Diego select May on where do we choose the month of birth, Diego select 1 on where do we choose the day of birth, Diego select 2000 on where do we choose the year of birth, Diego clicks on where do we choose the lenguage, Diego enters 'Spanish' into where do we choose the lenguage, Diego types 'ENTER' in where do we choose the lenguage, Diego clicks on button go to the next view], Diego add your adress [Diego enters 'Ibague' into input the city, Diego types 'ARROW_DOWN' in input the city, Diego types 'ENTER' in input the city, Diego enters '730001' into input the zip code, Diego clicks on div choose the country, Diego enters 'Colombia' into input choose country, Diego types 'ENTER' in input choose country, Diego clicks on press button next], Diego tell about your devices [Diego clicks on div computer os, Diego enters 'Windows' into input computer os, Diego types 'ENTER' in input computer os, Diego clicks on div version os, Diego enters '10' into input version os, Diego types 'ENTER' in input version os, Diego clicks on div language os, Diego enters 'Spanish' into input language os, Diego types 'ENTER' in input language os, Diego clicks on div brand mobile, Diego enters 'Huawei' into input brand mobile, Diego types 'ENTER' in input brand mobile, Diego clicks on div model mobile, Diego enters 'P30 Lite' into input model mobile, Diego types 'ENTER' in input model mobile, Diego clicks on div mobile os, Diego enters 'Android 10' into input mobile os, Diego types 'ENTER' in input mobile os, Diego clicks on button next]]
[Test worker] WARN net.thucydides.core.steps.BaseStepListener - stepFinished: current outcome:New User:Given than Diego wants create a new profile [Diego open up [Diego opens the Retotecnico page, Diego clicks on Botton that show us the form to Join]], When he complete all the forms present in the profile
| strFirstName | strLastName | strEmail | strMonth | strLenguage | strCity | strCountry | strPassword | strComputerOS | strComputerVersion | strComputerLenguage | strBrandMobil | strModelMobil | strMobilOS | intDay | intYear | intZipCode |
| DIEGO | VASALCE | qwer0988@gmail.com | May | Spanish | Ibague | Colombia | Qwerty0987%& | Windows | 10 | Spanish | Huawei | P30 Lite | Android 10 | 01 | 2000 | 730001 | [Diego tell about yourself [Diego enters 'DIEGO' into where do we write the name, Diego enters 'VASALCE' into where do we write the lastname, Diego enters 'qwer0988@gmail.com' into where do we write the email, Diego select May on where do we choose the month of birth, Diego select 1 on where do we choose the day of birth, Diego select 2000 on where do we choose the year of birth, Diego clicks on where do we choose the lenguage, Diego enters 'Spanish' into where do we choose the lenguage, Diego types 'ENTER' in where do we choose the lenguage, Diego clicks on button go to the next view], Diego add your adress [Diego enters 'Ibague' into input the city, Diego types 'ARROW_DOWN' in input the city, Diego types 'ENTER' in input the city, Diego enters '730001' into input the zip code, Diego clicks on div choose the country, Diego enters 'Colombia' into input choose country, Diego types 'ENTER' in input choose country, Diego clicks on press button next], Diego tell about your devices [Diego clicks on div computer os, Diego enters 'Windows' into input computer os, Diego types 'ENTER' in input computer os, Diego clicks on div version os, Diego enters '10' into input version os, Diego types 'ENTER' in input version os, Diego clicks on div language os, Diego enters 'Spanish' into input language os, Diego types 'ENTER' in input language os, Diego clicks on div brand mobile, Diego enters 'Huawei' into input brand mobile, Diego types 'ENTER' in input brand mobile, Diego clicks on div model mobile, Diego enters 'P30 Lite' into input model mobile, Diego types 'ENTER' in input model mobile, Diego clicks on div mobile os, Diego enters 'Android 10' into input mobile os, Diego types 'ENTER' in input mobile os, Diego clicks on button next]]
[Test worker] WARN net.thucydides.core.steps.BaseStepListener - stepStarted: net.thucydides.core.steps.ExecutedStepDescription@1137d1a4
[Test worker] WARN net.thucydides.core.steps.BaseStepListener - stepStarted: net.thucydides.core.steps.ExecutedStepDescription@7dabdd61
[Test worker] WARN net.thucydides.core.steps.BaseStepListener - stepFinished: current outcome:New User:Given than Diego wants create a new profile [Diego open up [Diego opens the Retotecnico page, Diego clicks on Botton that show us the form to Join]], When he complete all the forms present in the profile
| strFirstName | strLastName | strEmail | strMonth | strLenguage | strCity | strCountry | strPassword | strComputerOS | strComputerVersion | strComputerLenguage | strBrandMobil | strModelMobil | strMobilOS | intDay | intYear | intZipCode |
| DIEGO | VASALCE | qwer0988@gmail.com | May | Spanish | Ibague | Colombia | Qwerty0987%& | Windows | 10 | Spanish | Huawei | P30 Lite | Android 10 | 01 | 2000 | 730001 | [Diego tell about yourself [Diego enters 'DIEGO' into where do we write the name, Diego enters 'VASALCE' into where do we write the lastname, Diego enters 'qwer0988@gmail.com' into where do we write the email, Diego select May on where do we choose the month of birth, Diego select 1 on where do we choose the day of birth, Diego select 2000 on where do we choose the year of birth, Diego clicks on where do we choose the lenguage, Diego enters 'Spanish' into where do we choose the lenguage, Diego types 'ENTER' in where do we choose the lenguage, Diego clicks on button go to the next view], Diego add your adress [Diego enters 'Ibague' into input the city, Diego types 'ARROW_DOWN' in input the city, Diego types 'ENTER' in input the city, Diego enters '730001' into input the zip code, Diego clicks on div choose the country, Diego enters 'Colombia' into input choose country, Diego types 'ENTER' in input choose country, Diego clicks on press button next], Diego tell about your devices [Diego clicks on div computer os, Diego enters 'Windows' into input computer os, Diego types 'ENTER' in input computer os, Diego clicks on div version os, Diego enters '10' into input version os, Diego types 'ENTER' in input version os, Diego clicks on div language os, Diego enters 'Spanish' into input language os, Diego types 'ENTER' in input language os, Diego clicks on div brand mobile, Diego enters 'Huawei' into input brand mobile, Diego types 'ENTER' in input brand mobile, Diego clicks on div model mobile, Diego enters 'P30 Lite' into input model mobile, Diego types 'ENTER' in input model mobile, Diego clicks on div mobile os, Diego enters 'Android 10' into input mobile os, Diego types 'ENTER' in input mobile os, Diego clicks on button next], Diego last step [Diego enters 'Qwerty0987%&' into password account]]
[Test worker] WARN net.thucydides.core.steps.BaseStepListener - stepStarted: net.thucydides.core.steps.ExecutedStepDescription@4aebd64b
[...]
| DIEGO | VASALCE | qwer0988@gmail.com | May | Spanish | Ibague | Colombia | Qwerty0987%& | Windows | 10 | Spanish | Huawei | P30 Lite | Android 10 | 01 | 2000 | 730001 | [Diego tell about yourself [Diego enters 'DIEGO' into where do we write the name, Diego enters 'VASALCE' into where do we write the lastname, Diego enters 'qwer0988@gmail.com' into where do we write the email, Diego select May on where do we choose the month of birth, Diego select 1 on where do we choose the day of birth, Diego select 2000 on where do we choose the year of birth, Diego clicks on where do we choose the lenguage, Diego enters 'Spanish' into where do we choose the lenguage, Diego types 'ENTER' in where do we choose the lenguage, Diego clicks on button go to the next view], Diego add your adress [Diego enters 'Ibague' into input the city, Diego types 'ARROW_DOWN' in input the city, Diego types 'ENTER' in input the city, Diego enters '730001' into input the zip code, Diego clicks on div choose the country, Diego enters 'Colombia' into input choose country, Diego types 'ENTER' in input choose country, Diego clicks on press button next], Diego tell about your devices [Diego clicks on div computer os, Diego enters 'Windows' into input computer os, Diego types 'ENTER' in input computer os, Diego clicks on div version os, Diego enters '10' into input version os, Diego types 'ENTER' in input version os, Diego clicks on div language os, Diego enters 'Spanish' into input language os, Diego types 'ENTER' in input language os, Diego clicks on div brand mobile, Diego enters 'Huawei' into input brand mobile, Diego types 'ENTER' in input brand mobile, Diego clicks on div model mobile, Diego enters 'P30 Lite' into input model mobile, Diego types 'ENTER' in input model mobile, Diego clicks on div mobile os, Diego enters 'Android 10' into input mobile os, Diego types 'ENTER' in input mobile os, Diego clicks on button next], Diego last step [Diego enters 'Qwerty0987%&' into password account, Diego enters 'Qwerty0987%&' into confirm password account, Diego clicks on confirm terms, Diego clicks on confirm privacity y security policy, Diego clicks on button finish create user]]
[Test worker] WARN net.thucydides.core.steps.BaseStepListener - stepFinished: current outcome:New User:Given than Diego wants create a new profile [Diego open up [Diego opens the Retotecnico page, Diego clicks on Botton that show us the form to Join]], When he complete all the forms present in the profile
| strFirstName | strLastName | strEmail | strMonth | strLenguage | strCity | strCountry | strPassword | strComputerOS | strComputerVersion | strComputerLenguage | strBrandMobil | strModelMobil | strMobilOS | intDay | intYear | intZipCode |
| DIEGO | VASALCE | qwer0988@gmail.com | May | Spanish | Ibague | Colombia | Qwerty0987%& | Windows | 10 | Spanish | Huawei | P30 Lite | Android 10 | 01 | 2000 | 730001 | [Diego tell about yourself [Diego enters 'DIEGO' into where do we write the name, Diego enters 'VASALCE' into where do we write the lastname, Diego enters 'qwer0988@gmail.com' into where do we write the email, Diego select May on where do we choose the month of birth, Diego select 1 on where do we choose the day of birth, Diego select 2000 on where do we choose the year of birth, Diego clicks on where do we choose the lenguage, Diego enters 'Spanish' into where do we choose the lenguage, Diego types 'ENTER' in where do we choose the lenguage, Diego clicks on button go to the next view], Diego add your adress [Diego enters 'Ibague' into input the city, Diego types 'ARROW_DOWN' in input the city, Diego types 'ENTER' in input the city, Diego enters '730001' into input the zip code, Diego clicks on div choose the country, Diego enters 'Colombia' into input choose country, Diego types 'ENTER' in input choose country, Diego clicks on press button next], Diego tell about your devices [Diego clicks on div computer os, Diego enters 'Windows' into input computer os, Diego types 'ENTER' in input computer os, Diego clicks on div version os, Diego enters '10' into input version os, Diego types 'ENTER' in input version os, Diego clicks on div language os, Diego enters 'Spanish' into input language os, Diego types 'ENTER' in input language os, Diego clicks on div brand mobile, Diego enters 'Huawei' into input brand mobile, Diego types 'ENTER' in input brand mobile, Diego clicks on div model mobile, Diego enters 'P30 Lite' into input model mobile, Diego types 'ENTER' in input model mobile, Diego clicks on div mobile os, Diego enters 'Android 10' into input mobile os, Diego types 'ENTER' in input mobile os, Diego clicks on button next], Diego last step [Diego enters 'Qwerty0987%&' into password account, Diego enters 'Qwerty0987%&' into confirm password account, Diego clicks on confirm terms, Diego clicks on confirm privacity y security policy, Diego clicks on button finish create user]]
[Test worker] WARN net.thucydides.core.steps.BaseStepListener - stepStarted: net.thucydides.core.steps.ExecutedStepDescription@17fc285
[Test worker] WARN net.thucydides.core.steps.BaseStepListener - stepStarted: net.thucydides.core.steps.ExecutedStepDescription@67a3bfe0
[Test worker] WARN net.thucydides.core.steps.BaseStepListener - stepFinished: current outcome:New User:Given than Diego wants create a new profile [Diego open up [Diego opens the Retotecnico page, Diego clicks on Botton that show us the form to Join]], When he complete all the forms present in the profile
| strFirstName | strLastName | strEmail | strMonth | strLenguage | strCity | strCountry | strPassword | strComputerOS | strComputerVersion | strComputerLenguage | strBrandMobil | strModelMobil | strMobilOS | intDay | intYear | intZipCode |
| DIEGO | VASALCE | qwer0988@gmail.com | May | Spanish | Ibague | Colombia | Qwerty0987%& | Windows | 10 | Spanish | Huawei | P30 Lite | Android 10 | 01 | 2000 | 730001 | [Diego tell about yourself [Diego enters 'DIEGO' into where do we write the name, Diego enters 'VASALCE' into where do we write the lastname, Diego enters 'qwer0988@gmail.com' into where do we write the email, Diego select May on where do we choose the month of birth, Diego select 1 on where do we choose the day of birth, Diego select 2000 on where do we choose the year of birth, Diego clicks on where do we choose the lenguage, Diego enters 'Spanish' into where do we choose the lenguage, Diego types 'ENTER' in where do we choose the lenguage, Diego clicks on button go to the next view], Diego add your adress [Diego enters 'Ibague' into input the city, Diego types 'ARROW_DOWN' in input the city, Diego types 'ENTER' in input the city, Diego enters '730001' into input the zip code, Diego clicks on div choose the country, Diego enters 'Colombia' into input choose country, Diego types 'ENTER' in input choose country, Diego clicks on press button next], Diego tell about your devices [Diego clicks on div computer os, Diego enters 'Windows' into input computer os, Diego types 'ENTER' in input computer os, Diego clicks on div version os, Diego enters '10' into input version os, Diego types 'ENTER' in input version os, Diego clicks on div language os, Diego enters 'Spanish' into input language os, Diego types 'ENTER' in input language os, Diego clicks on div brand mobile, Diego enters 'Huawei' into input brand mobile, Diego types 'ENTER' in input brand mobile, Diego clicks on div model mobile, Diego enters 'P30 Lite' into input model mobile, Diego types 'ENTER' in input model mobile, Diego clicks on div mobile os, Diego enters 'Android 10' into input mobile os, Diego types 'ENTER' in input mobile os, Diego clicks on button next], Diego last step [Diego enters 'Qwerty0987%&' into password account, Diego enters 'Qwerty0987%&' into confirm password account, Diego clicks on confirm terms, Diego clicks on confirm privacity y security policy, Diego clicks on button finish create user]], Then he use the platform
| strQuestion |
| Complete Setup | [Then answer]
[Test worker] WARN net.thucydides.core.steps.BaseStepListener - stepFinished: current outcome:New User:Given than Diego wants create a new profile [Diego open up [Diego opens the Retotecnico page, Diego clicks on Botton that show us the form to Join]], When he complete all the forms present in the profile
| strFirstName | strLastName | strEmail | strMonth | strLenguage | strCity | strCountry | strPassword | strComputerOS | strComputerVersion | strComputerLenguage | strBrandMobil | strModelMobil | strMobilOS | intDay | intYear | intZipCode |
| DIEGO | VASALCE | qwer0988@gmail.com | May | Spanish | Ibague | Colombia | Qwerty0987%& | Windows | 10 | Spanish | Huawei | P30 Lite | Android 10 | 01 | 2000 | 730001 | [Diego tell about yourself [Diego enters 'DIEGO' into where do we write the name, Diego enters 'VASALCE' into where do we write the lastname, Diego enters 'qwer0988@gmail.com' into where do we write the email, Diego select May on where do we choose the month of birth, Diego select 1 on where do we choose the day of birth, Diego select 2000 on where do we choose the year of birth, Diego clicks on where do we choose the lenguage, Diego enters 'Spanish' into where do we choose the lenguage, Diego types 'ENTER' in where do we choose the lenguage, Diego clicks on button go to the next view], Diego add your adress [Diego enters 'Ibague' into input the city, Diego types 'ARROW_DOWN' in input the city, Diego types 'ENTER' in input the city, Diego enters '730001' into input the zip code, Diego clicks on div choose the country, Diego enters 'Colombia' into input choose country, Diego types 'ENTER' in input choose country, Diego clicks on press button next], Diego tell about your devices [Diego clicks on div computer os, Diego enters 'Windows' into input computer os, Diego types 'ENTER' in input computer os, Diego clicks on div version os, Diego enters '10' into input version os, Diego types 'ENTER' in input version os, Diego clicks on div language os, Diego enters 'Spanish' into input language os, Diego types 'ENTER' in input language os, Diego clicks on div brand mobile, Diego enters 'Huawei' into input brand mobile, Diego types 'ENTER' in input brand mobile, Diego clicks on div model mobile, Diego enters 'P30 Lite' into input model mobile, Diego types 'ENTER' in input model mobile, Diego clicks on div mobile os, Diego enters 'Android 10' into input mobile os, Diego types 'ENTER' in input mobile os, Diego clicks on button next], Diego last step [Diego enters 'Qwerty0987%&' into password account, Diego enters 'Qwerty0987%&' into confirm password account, Diego clicks on confirm terms, Diego clicks on confirm privacity y security policy, Diego clicks on button finish create user]], Then he use the platform
| strQuestion |
| Complete Setup | [Then answer]
[Test worker] WARN net.thucydides.core.steps.BaseStepListener - testFinished: New User:Given than Diego wants create a new profile [Diego open up [Diego opens the Retotecnico page, Diego clicks on Botton that show us the form to Join]], When he complete all the forms present in the profile
| strFirstName | strLastName | strEmail | strMonth | strLenguage | strCity | strCountry | strPassword | strComputerOS | strComputerVersion | strComputerLenguage | strBrandMobil | strModelMobil | strMobilOS | intDay | intYear | intZipCode |
| DIEGO | VASALCE | qwer0988@gmail.com | May | Spanish | Ibague | Colombia | Qwerty0987%& | Windows | 10 | Spanish | Huawei | P30 Lite | Android 10 | 01 | 2000 | 730001 | [Diego tell about yourself [Diego enters 'DIEGO' into where do we write the name, Diego enters 'VASALCE' into where do we write the lastname, Diego enters 'qwer0988@gmail.com' into where do we write the email, Diego select May on where do we choose the month of birth, Diego select 1 on where do we choose the day of birth, Diego select 2000 on where do we choose the year of birth, Diego clicks on where do we choose the lenguage, Diego enters 'Spanish' into where do we choose the lenguage, Diego types 'ENTER' in where do we choose the lenguage, Diego clicks on button go to the next view], Diego add your adress [Diego enters 'Ibague' into input the city, Diego types 'ARROW_DOWN' in input the city, Diego types 'ENTER' in input the city, Diego enters '730001' into input the zip code, Diego clicks on div choose the country, Diego enters 'Colombia' into input choose country, Diego types 'ENTER' in input choose country, Diego clicks on press button next], Diego tell about your devices [Diego clicks on div computer os, Diego enters 'Windows' into input computer os, Diego types 'ENTER' in input computer os, Diego clicks on div version os, Diego enters '10' into input version os, Diego types 'ENTER' in input version os, Diego clicks on div language os, Diego enters 'Spanish' into input language os, Diego types 'ENTER' in input language os, Diego clicks on div brand mobile, Diego enters 'Huawei' into input brand mobile, Diego types 'ENTER' in input brand mobile, Diego clicks on div model mobile, Diego enters 'P30 Lite' into input model mobile, Diego types 'ENTER' in input model mobile, Diego clicks on div mobile os, Diego enters 'Android 10' into input mobile os, Diego types 'ENTER' in input mobile os, Diego clicks on button next], Diego last step [Diego enters 'Qwerty0987%&' into password account, Diego enters 'Qwerty0987%&' into confirm password account, Diego clicks on confirm terms, Diego clicks on confirm privacity y security policy, Diego clicks on button finish create user]], Then he use the platform
| strQuestion |
| Complete Setup | [Then answer]
[Test worker] WARN net.thucydides.core.steps.BaseStepListener - TestOutcomes: [New User:Given than Diego wants create a new profile [Diego open up [Diego opens the Retotecnico page, Diego clicks on Botton that show us the form to Join]], When he complete all the forms present in the profile
| strFirstName | strLastName | strEmail | strMonth | strLenguage | strCity | strCountry | strPassword | strComputerOS | strComputerVersion | strComputerLenguage | strBrandMobil | strModelMobil | strMobilOS | intDay | intYear | intZipCode |
| DIEGO | VASALCE | qwer0988@gmail.com | May | Spanish | Ibague | Colombia | Qwerty0987%& | Windows | 10 | Spanish | Huawei | P30 Lite | Android 10 | 01 | 2000 | 730001 | [Diego tell about yourself [Diego enters 'DIEGO' into where do we write the name, Diego enters 'VASALCE' into where do we write the lastname, Diego enters 'qwer0988@gmail.com' into where do we write the email, Diego select May on where do we choose the month of birth, Diego select 1 on where do we choose the day of birth, Diego select 2000 on where do we choose the year of birth, Diego clicks on where do we choose the lenguage, Diego enters 'Spanish' into where do we choose the lenguage, Diego types 'ENTER' in where do we choose the lenguage, Diego clicks on button go to the next view], Diego add your adress [Diego enters 'Ibague' into input the city, Diego types 'ARROW_DOWN' in input the city, Diego types 'ENTER' in input the city, Diego enters '730001' into input the zip code, Diego clicks on div choose the country, Diego enters 'Colombia' into input choose country, Diego types 'ENTER' in input choose country, Diego clicks on press button next], Diego tell about your devices [Diego clicks on div computer os, Diego enters 'Windows' into input computer os, Diego types 'ENTER' in input computer os, Diego clicks on div version os, Diego enters '10' into input version os, Diego types 'ENTER' in input version os, Diego clicks on div language os, Diego enters 'Spanish' into input language os, Diego types 'ENTER' in input language os, Diego clicks on div brand mobile, Diego enters 'Huawei' into input brand mobile, Diego types 'ENTER' in input brand mobile, Diego clicks on div model mobile, Diego enters 'P30 Lite' into input model mobile, Diego types 'ENTER' in input model mobile, Diego clicks on div mobile os, Diego enters 'Android 10' into input mobile os, Diego types 'ENTER' in input mobile os, Diego clicks on button next], Diego last step [Diego enters 'Qwerty0987%&' into password account, Diego enters 'Qwerty0987%&' into confirm password account, Diego clicks on confirm terms, Diego clicks on confirm privacity y security policy, Diego clicks on button finish create user]], Then he use the platform
| strQuestion |
| Complete Setup | [Then answer]]
[Test worker] WARN net.thucydides.core.steps.BaseStepListener - Final testOutcomes: [New User:Given than Diego wants create a new profile [Diego open up [Diego opens the Retotecnico page, Diego clicks on Botton that show us the form to Join]], When he complete all the forms present in the profile
| strFirstName | strLastName | strEmail | strMonth | strLenguage | strCity | strCountry | strPassword | strComputerOS | strComputerVersion | strComputerLenguage | strBrandMobil | strModelMobil | strMobilOS | intDay | intYear | intZipCode |
| DIEGO | VASALCE | qwer0988@gmail.com | May | Spanish | Ibague | Colombia | Qwerty0987%& | Windows | 10 | Spanish | Huawei | P30 Lite | Android 10 | 01 | 2000 | 730001 | [Diego tell about yourself [Diego enters 'DIEGO' into where do we write the name, Diego enters 'VASALCE' into where do we write the lastname, Diego enters 'qwer0988@gmail.com' into where do we write the email, Diego select May on where do we choose the month of birth, Diego select 1 on where do we choose the day of birth, Diego select 2000 on where do we choose the year of birth, Diego clicks on where do we choose the lenguage, Diego enters 'Spanish' into where do we choose the lenguage, Diego types 'ENTER' in where do we choose the lenguage, Diego clicks on button go to the next view], Diego add your adress [Diego enters 'Ibague' into input the city, Diego types 'ARROW_DOWN' in input the city, Diego types 'ENTER' in input the city, Diego enters '730001' into input the zip code, Diego clicks on div choose the country, Diego enters 'Colombia' into input choose country, Diego types 'ENTER' in input choose country, Diego clicks on press button next], Diego tell about your devices [Diego clicks on div computer os, Diego enters 'Windows' into input computer os, Diego types 'ENTER' in input computer os, Diego clicks on div version os, Diego enters '10' into input version os, Diego types 'ENTER' in input version os, Diego clicks on div language os, Diego enters 'Spanish' into input language os, Diego types 'ENTER' in input language os, Diego clicks on div brand mobile, Diego enters 'Huawei' into input brand mobile, Diego types 'ENTER' in input brand mobile, Diego clicks on div model mobile, Diego enters 'P30 Lite' into input model mobile, Diego types 'ENTER' in input model mobile, Diego clicks on div mobile os, Diego enters 'Android 10' into input mobile os, Diego types 'ENTER' in input mobile os, Diego clicks on button next], Diego last step [Diego enters 'Qwerty0987%&' into password account, Diego enters 'Qwerty0987%&' into confirm password account, Diego clicks on confirm terms, Diego clicks on confirm privacity y security policy, Diego clicks on button finish create user]], Then he use the platform
| strQuestion |
| Complete Setup | [Then answer]]
[Test worker] INFO net.thucydides.core.steps.ConsoleLoggingListener - 
        __    _____ _____ ____ _____   ____   _    ____  ____  _____ ____  
  _     \ \  |_   _| ____/ ___|_   _| |  _ \ / \  / ___|/ ___|| ____|  _ \ 
 (_)_____| |   | | |  _| \___ \ | |   | |_) / _ \ \___ \\___ \|  _| | | | |
  _|_____| |   | | | |___ ___) || |   |  __/ ___ \ ___) |___) | |___| |_| |
 (_)     | |   |_| |_____|____/ |_|   |_| /_/   \_\____/|____/|_____|____/ 
        /_/                                                                

TEST PASSED: New User
----------------------------------------------------------------------------
]]></system-err>
</testsuite>
